c:\users\yq\desktop\cse687_ood\projects\commprototype\msgserver\debug\vc140.pdb
c:\users\yq\desktop\cse687_ood\projects\commprototype\msgserver\debug\vc140.idb
c:\users\yq\desktop\cse687_ood\projects\commprototype\msgserver\debug\filesystem.obj
c:\users\yq\desktop\cse687_ood\projects\commprototype\msgserver\debug\httpmessage.obj
c:\users\yq\desktop\cse687_ood\projects\commprototype\msgserver\debug\logger.obj
c:\users\yq\desktop\cse687_ood\projects\commprototype\msgserver\debug\mockchannel.obj
c:\users\yq\desktop\cse687_ood\projects\commprototype\msgserver\debug\sockets.obj
c:\users\yq\desktop\cse687_ood\projects\commprototype\msgserver\debug\utilities.obj
c:\users\yq\desktop\cse687_ood\projects\commprototype\msgserver\debug\xmldocument.obj
c:\users\yq\desktop\cse687_ood\projects\commprototype\msgserver\debug\tokenizer.obj
c:\users\yq\desktop\cse687_ood\projects\commprototype\msgserver\debug\xmlelementparts.obj
c:\users\yq\desktop\cse687_ood\projects\commprototype\msgserver\debug\xmlelement.obj
c:\users\yq\desktop\cse687_ood\projects\commprototype\msgserver\debug\xmlparser.obj
c:\users\yq\desktop\cse687_ood\projects\commprototype\msgserver\debug\msgserver.obj
c:\users\yq\desktop\cse687_ood\projects\commprototype\debug\msgserver.ilk
c:\users\yq\desktop\cse687_ood\projects\commprototype\debug\msgserver.exe
c:\users\yq\desktop\cse687_ood\projects\commprototype\debug\msgserver.pdb
c:\users\yq\desktop\cse687_ood\projects\commprototype\debug\msgserver.lib
c:\users\yq\desktop\cse687_ood\projects\commprototype\debug\msgserver.exp
c:\users\yq\desktop\cse687_ood\projects\commprototype\msgserver\debug\msgserver.tlog\cl.command.1.tlog
c:\users\yq\desktop\cse687_ood\projects\commprototype\msgserver\debug\msgserver.tlog\cl.read.1.tlog
c:\users\yq\desktop\cse687_ood\projects\commprototype\msgserver\debug\msgserver.tlog\cl.write.1.tlog
c:\users\yq\desktop\cse687_ood\projects\commprototype\msgserver\debug\msgserver.tlog\link.command.1.tlog
c:\users\yq\desktop\cse687_ood\projects\commprototype\msgserver\debug\msgserver.tlog\link.read.1.tlog
c:\users\yq\desktop\cse687_ood\projects\commprototype\msgserver\debug\msgserver.tlog\link.write.1.tlog
c:\users\yq\desktop\cse687_ood\projects\commprototype\msgserver\debug\msgserver.tlog\msgserver.write.1u.tlog
