c:\users\yq\desktop\cse687_ood\projects\commprototype\msgclient\debug\vc140.pdb
c:\users\yq\desktop\cse687_ood\projects\commprototype\msgclient\debug\vc140.idb
c:\users\yq\desktop\cse687_ood\projects\commprototype\msgclient\debug\filesystem.obj
c:\users\yq\desktop\cse687_ood\projects\commprototype\msgclient\debug\httpmessage.obj
c:\users\yq\desktop\cse687_ood\projects\commprototype\msgclient\debug\logger.obj
c:\users\yq\desktop\cse687_ood\projects\commprototype\msgclient\debug\mockchannel.obj
c:\users\yq\desktop\cse687_ood\projects\commprototype\msgclient\debug\sockets.obj
c:\users\yq\desktop\cse687_ood\projects\commprototype\msgclient\debug\utilities.obj
c:\users\yq\desktop\cse687_ood\projects\commprototype\msgclient\debug\xmldocument.obj
c:\users\yq\desktop\cse687_ood\projects\commprototype\msgclient\debug\tokenizer.obj
c:\users\yq\desktop\cse687_ood\projects\commprototype\msgclient\debug\xmlelementparts.obj
c:\users\yq\desktop\cse687_ood\projects\commprototype\msgclient\debug\xmlelement.obj
c:\users\yq\desktop\cse687_ood\projects\commprototype\msgclient\debug\xmlparser.obj
c:\users\yq\desktop\cse687_ood\projects\commprototype\msgclient\debug\msgclient.obj
c:\users\yq\desktop\cse687_ood\projects\commprototype\debug\msgclient.ilk
c:\users\yq\desktop\cse687_ood\projects\commprototype\debug\msgclient.exe
c:\users\yq\desktop\cse687_ood\projects\commprototype\debug\msgclient.pdb
c:\users\yq\desktop\cse687_ood\projects\commprototype\debug\msgclient.lib
c:\users\yq\desktop\cse687_ood\projects\commprototype\debug\msgclient.exp
c:\users\yq\desktop\cse687_ood\projects\commprototype\msgclient\debug\msgclient.tlog\cl.command.1.tlog
c:\users\yq\desktop\cse687_ood\projects\commprototype\msgclient\debug\msgclient.tlog\cl.read.1.tlog
c:\users\yq\desktop\cse687_ood\projects\commprototype\msgclient\debug\msgclient.tlog\cl.write.1.tlog
c:\users\yq\desktop\cse687_ood\projects\commprototype\msgclient\debug\msgclient.tlog\link.command.1.tlog
c:\users\yq\desktop\cse687_ood\projects\commprototype\msgclient\debug\msgclient.tlog\link.read.1.tlog
c:\users\yq\desktop\cse687_ood\projects\commprototype\msgclient\debug\msgclient.tlog\link.write.1.tlog
c:\users\yq\desktop\cse687_ood\projects\commprototype\msgclient\debug\msgclient.tlog\msgclient.write.1u.tlog
